# JRE version: OpenJDK Runtime Environment Microsoft-9889599 (17.0.12+7) (build 17.0.12+7-LTS)
# Java VM: OpenJDK 64-Bit Server VM Microsoft-9889599 (17.0.12+7-LTS, mixed mode, sharing, tiered, compressed oops, compressed class ptrs, g1 gc, windows-amd64)
GC Precious Log:
 CPUs: 16 total, 16 available
 Memory: 16310M
 Large Page Support: Disabled
 NUMA Support: Disabled
 Compressed Oops: Enabled (32-bit)
 Heap Region Size: 1M
 Heap Min Capacity: 8M
 Heap Initial Capacity: 256M
 Heap Max Capacity: 2G
 Pre-touch: Disabled
 Parallel Workers: 13
 Concurrent Workers: 3
 Concurrent Refinement Workers: 13
 Periodic GC: Disabled
Heap:
 garbage-first heap   total 345088K, used 199723K [0x0000000080000000, 0x0000000100000000)
  region size 1024K, 7 young (7168K), 7 survivors (7168K)
 Metaspace       used 133564K, committed 134848K, reserved 1179648K
  class space    used 18734K, committed 19392K, reserved 1048576K
GC Heap History (20 events):
Event: 340.674 GC heap after
{Heap after GC invocations=41 (full 0):
 garbage-first heap   total 280576K, used 129550K [0x0000000080000000, 0x0000000100000000)
  region size 1024K, 1 young (1024K), 1 survivors (1024K)
 Metaspace       used 122893K, committed 123968K, reserved 1179648K
  class space    used 17438K, committed 17984K, reserved 1048576K
}
Event: 341.407 GC heap before
{Heap before GC invocations=41 (full 0):
 garbage-first heap   total 280576K, used 230926K [0x0000000080000000, 0x0000000100000000)
  region size 1024K, 101 young (103424K), 1 survivors (1024K)
 Metaspace       used 123783K, committed 124864K, reserved 1179648K
  class space    used 17476K, committed 18048K, reserved 1048576K
}
Event: 341.413 GC heap after
{Heap after GC invocations=42 (full 0):
 garbage-first heap   total 280576K, used 138893K [0x0000000080000000, 0x0000000100000000)
  region size 1024K, 10 young (10240K), 10 survivors (10240K)
 Metaspace       used 123783K, committed 124864K, reserved 1179648K
  class space    used 17476K, committed 18048K, reserved 1048576K
}
Event: 1087.245 GC heap before
{Heap before GC invocations=43 (full 0):
 garbage-first heap   total 280576K, used 260749K [0x0000000080000000, 0x0000000100000000)
  region size 1024K, 99 young (101376K), 10 survivors (10240K)
 Metaspace       used 127445K, committed 128768K, reserved 1179648K
  class space    used 17909K, committed 18560K, reserved 1048576K
}
Event: 1087.253 GC heap after
{Heap after GC invocations=44 (full 0):
 garbage-first heap   total 285696K, used 177459K [0x0000000080000000, 0x0000000100000000)
  region size 1024K, 13 young (13312K), 13 survivors (13312K)
 Metaspace       used 127445K, committed 128768K, reserved 1179648K
  class space    used 17909K, committed 18560K, reserved 1048576K
}
Event: 1087.254 GC heap before
{Heap before GC invocations=44 (full 0):
 garbage-first heap   total 285696K, used 178483K [0x0000000080000000, 0x0000000100000000)
  region size 1024K, 14 young (14336K), 13 survivors (13312K)
 Metaspace       used 127445K, committed 128768K, reserved 1179648K
  class space    used 17909K, committed 18560K, reserved 1048576K
}
Event: 1087.258 GC heap after
{Heap after GC invocations=45 (full 0):
 garbage-first heap   total 285696K, used 173845K [0x0000000080000000, 0x0000000100000000)
  region size 1024K, 1 young (1024K), 1 survivors (1024K)
 Metaspace       used 127445K, committed 128768K, reserved 1179648K
  class space    used 17909K, committed 18560K, reserved 1048576K
}
Event: 1087.626 GC heap before
{Heap before GC invocations=45 (full 0):
 garbage-first heap   total 285696K, used 237333K [0x0000000080000000, 0x0000000100000000)
  region size 1024K, 63 young (64512K), 1 survivors (1024K)
 Metaspace       used 129225K, committed 130496K, reserved 1179648K
  class space    used 18178K, committed 18816K, reserved 1048576K
}
Event: 1087.629 GC heap after
{Heap after GC invocations=46 (full 0):
 garbage-first heap   total 285696K, used 178207K [0x0000000080000000, 0x0000000100000000)
  region size 1024K, 6 young (6144K), 6 survivors (6144K)
 Metaspace       used 129225K, committed 130496K, reserved 1179648K
  class space    used 18178K, committed 18816K, reserved 1048576K
}
Event: 1088.134 GC heap before
{Heap before GC invocations=47 (full 0):
 garbage-first heap   total 311296K, used 248863K [0x0000000080000000, 0x0000000100000000)
  region size 1024K, 63 young (64512K), 6 survivors (6144K)
 Metaspace       used 133564K, committed 134848K, reserved 1179648K
  class space    used 18734K, committed 19392K, reserved 1048576K
}
Event: 1088.140 GC heap after
{Heap after GC invocations=48 (full 0):
 garbage-first heap   total 311296K, used 201305K [0x0000000080000000, 0x0000000100000000)
  region size 1024K, 8 young (8192K), 8 survivors (8192K)
 Metaspace       used 133564K, committed 134848K, reserved 1179648K
  class space    used 18734K, committed 19392K, reserved 1048576K
}
Event: 1088.194 GC heap before
{Heap before GC invocations=48 (full 0):
 garbage-first heap   total 311296K, used 207449K [0x0000000080000000, 0x0000000100000000)
  region size 1024K, 15 young (15360K), 8 survivors (8192K)
 Metaspace       used 133564K, committed 134848K, reserved 1179648K
  class space    used 18734K, committed 19392K, reserved 1048576K
}
Event: 1088.197 GC heap after
{Heap after GC invocations=49 (full 0):
 garbage-first heap   total 311296K, used 193385K [0x0000000080000000, 0x0000000100000000)
  region size 1024K, 2 young (2048K), 2 survivors (2048K)
 Metaspace       used 133564K, committed 134848K, reserved 1179648K
  class space    used 18734K, committed 19392K, reserved 1048576K
}
Event: 1088.553 GC heap before
{Heap before GC invocations=49 (full 0):
 garbage-first heap   total 311296K, used 255849K [0x0000000080000000, 0x0000000100000000)
  region size 1024K, 63 young (64512K), 2 survivors (2048K)
 Metaspace       used 133564K, committed 134848K, reserved 1179648K
  class space    used 18734K, committed 19392K, reserved 1048576K
}
Event: 1088.555 GC heap after
{Heap after GC invocations=50 (full 0):
 garbage-first heap   total 311296K, used 195876K [0x0000000080000000, 0x0000000100000000)
  region size 1024K, 5 young (5120K), 5 survivors (5120K)
 Metaspace       used 133564K, committed 134848K, reserved 1179648K
  class space    used 18734K, committed 19392K, reserved 1048576K
}
Event: 1088.911 GC heap before
{Heap before GC invocations=51 (full 0):
 garbage-first heap   total 345088K, used 255268K [0x0000000080000000, 0x0000000100000000)
  region size 1024K, 63 young (64512K), 5 survivors (5120K)
 Metaspace       used 133564K, committed 134848K, reserved 1179648K
  class space    used 18734K, committed 19392K, reserved 1048576K
}
Event: 1088.914 GC heap after
{Heap after GC invocations=52 (full 0):
 garbage-first heap   total 345088K, used 198251K [0x0000000080000000, 0x0000000100000000)
  region size 1024K, 7 young (7168K), 7 survivors (7168K)
 Metaspace       used 133564K, committed 134848K, reserved 1179648K
  class space    used 18734K, committed 19392K, reserved 1048576K
}
Event: 1088.959 GC heap before
{Heap before GC invocations=52 (full 0):
 garbage-first heap   total 345088K, used 207467K [0x0000000080000000, 0x0000000100000000)
  region size 1024K, 16 young (16384K), 7 survivors (7168K)
 Metaspace       used 133564K, committed 134848K, reserved 1179648K
  class space    used 18734K, committed 19392K, reserved 1048576K
}
Event: 1088.962 GC heap after
{Heap after GC invocations=53 (full 0):
 garbage-first heap   total 345088K, used 195157K [0x0000000080000000, 0x0000000100000000)
  region size 1024K, 2 young (2048K), 2 survivors (2048K)
 Metaspace       used 133564K, committed 134848K, reserved 1179648K
  class space    used 18734K, committed 19392K, reserved 1048576K
}
Event: 1089.839 GC heap before
{Heap before GC invocations=53 (full 0):
 garbage-first heap   total 345088K, used 280149K [0x0000000080000000, 0x0000000100000000)
  region size 1024K, 85 young (87040K), 2 survivors (2048K)
 Metaspace       used 133564K, committed 134848K, reserved 1179648K
  class space    used 18734K, committed 19392K, reserved 1048576K
}

