# JRE version: OpenJDK Runtime Environment Microsoft-9889599 (17.0.12+7) (build 17.0.12+7-LTS)
# Java VM: OpenJDK 64-Bit Server VM Microsoft-9889599 (17.0.12+7-LTS, mixed mode, sharing, tiered, compressed oops, compressed class ptrs, g1 gc, windows-amd64)
GC Precious Log:
 CPUs: 16 total, 16 available
 Memory: 16310M
 Large Page Support: Disabled
 NUMA Support: Disabled
 Compressed Oops: Enabled (32-bit)
 Heap Region Size: 1M
 Heap Min Capacity: 8M
 Heap Initial Capacity: 256M
 Heap Max Capacity: 2G
 Pre-touch: Disabled
 Parallel Workers: 13
 Concurrent Workers: 3
 Concurrent Refinement Workers: 13
 Periodic GC: Disabled
Heap:
 garbage-first heap   total 601088K, used 241321K [0x0000000080000000, 0x0000000100000000)
  region size 1024K, 88 young (90112K), 4 survivors (4096K)
 Metaspace       used 107680K, committed 108608K, reserved 1179648K
  class space    used 14507K, committed 14976K, reserved 1048576K
GC Heap History (20 events):
Event: 9.538 GC heap before
{Heap before GC invocations=40 (full 0):
 garbage-first heap   total 242688K, used 103698K [0x0000000080000000, 0x0000000100000000)
  region size 1024K, 11 young (11264K), 10 survivors (10240K)
 Metaspace       used 90606K, committed 91456K, reserved 1179648K
  class space    used 12628K, committed 13056K, reserved 1048576K
}
Event: 9.543 GC heap after
{Heap after GC invocations=41 (full 0):
 garbage-first heap   total 242688K, used 103027K [0x0000000080000000, 0x0000000100000000)
  region size 1024K, 2 young (2048K), 2 survivors (2048K)
 Metaspace       used 90606K, committed 91456K, reserved 1179648K
  class space    used 12628K, committed 13056K, reserved 1048576K
}
Event: 10.044 GC heap before
{Heap before GC invocations=41 (full 0):
 garbage-first heap   total 242688K, used 191091K [0x0000000080000000, 0x0000000100000000)
  region size 1024K, 89 young (91136K), 2 survivors (2048K)
 Metaspace       used 94378K, committed 95232K, reserved 1179648K
  class space    used 13216K, committed 13632K, reserved 1048576K
}
Event: 10.049 GC heap after
{Heap after GC invocations=42 (full 0):
 garbage-first heap   total 242688K, used 108769K [0x0000000080000000, 0x0000000100000000)
  region size 1024K, 7 young (7168K), 7 survivors (7168K)
 Metaspace       used 94378K, committed 95232K, reserved 1179648K
  class space    used 13216K, committed 13632K, reserved 1048576K
}
Event: 10.745 GC heap before
{Heap before GC invocations=43 (full 0):
 garbage-first heap   total 242688K, used 197857K [0x0000000080000000, 0x0000000100000000)
  region size 1024K, 90 young (92160K), 7 survivors (7168K)
 Metaspace       used 97430K, committed 98240K, reserved 1179648K
  class space    used 13449K, committed 13824K, reserved 1048576K
}
Event: 10.751 GC heap after
{Heap after GC invocations=44 (full 0):
 garbage-first heap   total 242688K, used 117764K [0x0000000080000000, 0x0000000100000000)
  region size 1024K, 11 young (11264K), 11 survivors (11264K)
 Metaspace       used 97430K, committed 98240K, reserved 1179648K
  class space    used 13449K, committed 13824K, reserved 1048576K
}
Event: 10.761 GC heap before
{Heap before GC invocations=44 (full 0):
 garbage-first heap   total 242688K, used 118788K [0x0000000080000000, 0x0000000100000000)
  region size 1024K, 12 young (12288K), 11 survivors (11264K)
 Metaspace       used 97447K, committed 98240K, reserved 1179648K
  class space    used 13449K, committed 13824K, reserved 1048576K
}
Event: 10.764 GC heap after
{Heap after GC invocations=45 (full 0):
 garbage-first heap   total 242688K, used 116565K [0x0000000080000000, 0x0000000100000000)
  region size 1024K, 1 young (1024K), 1 survivors (1024K)
 Metaspace       used 97447K, committed 98240K, reserved 1179648K
  class space    used 13449K, committed 13824K, reserved 1048576K
}
Event: 10.901 GC heap before
{Heap before GC invocations=45 (full 0):
 garbage-first heap   total 242688K, used 129877K [0x0000000080000000, 0x0000000100000000)
  region size 1024K, 15 young (15360K), 1 survivors (1024K)
 Metaspace       used 97508K, committed 98304K, reserved 1179648K
  class space    used 13452K, committed 13824K, reserved 1048576K
}
Event: 10.904 GC heap after
{Heap after GC invocations=46 (full 0):
 garbage-first heap   total 242688K, used 120883K [0x0000000080000000, 0x0000000100000000)
  region size 1024K, 6 young (6144K), 6 survivors (6144K)
 Metaspace       used 97508K, committed 98304K, reserved 1179648K
  class space    used 13452K, committed 13824K, reserved 1048576K
}
Event: 11.465 GC heap before
{Heap before GC invocations=47 (full 0):
 garbage-first heap   total 242688K, used 199731K [0x0000000080000000, 0x0000000100000000)
  region size 1024K, 67 young (68608K), 6 survivors (6144K)
 Metaspace       used 98153K, committed 99008K, reserved 1179648K
  class space    used 13513K, committed 13952K, reserved 1048576K
}
Event: 11.475 GC heap after
{Heap after GC invocations=48 (full 0):
 garbage-first heap   total 242688K, used 142306K [0x0000000080000000, 0x0000000100000000)
  region size 1024K, 9 young (9216K), 9 survivors (9216K)
 Metaspace       used 98153K, committed 99008K, reserved 1179648K
  class space    used 13513K, committed 13952K, reserved 1048576K
}
Event: 11.492 GC heap before
{Heap before GC invocations=48 (full 0):
 garbage-first heap   total 242688K, used 143330K [0x0000000080000000, 0x0000000100000000)
  region size 1024K, 11 young (11264K), 9 survivors (9216K)
 Metaspace       used 98155K, committed 99008K, reserved 1179648K
  class space    used 13513K, committed 13952K, reserved 1048576K
}
Event: 11.499 GC heap after
{Heap after GC invocations=49 (full 0):
 garbage-first heap   total 601088K, used 144421K [0x0000000080000000, 0x0000000100000000)
  region size 1024K, 2 young (2048K), 2 survivors (2048K)
 Metaspace       used 98155K, committed 99008K, reserved 1179648K
  class space    used 13513K, committed 13952K, reserved 1048576K
}
Event: 11.922 GC heap before
{Heap before GC invocations=49 (full 0):
 garbage-first heap   total 601088K, used 182309K [0x0000000080000000, 0x0000000100000000)
  region size 1024K, 40 young (40960K), 2 survivors (2048K)
 Metaspace       used 100381K, committed 101184K, reserved 1179648K
  class space    used 13787K, committed 14144K, reserved 1048576K
}
Event: 11.927 GC heap after
{Heap after GC invocations=50 (full 0):
 garbage-first heap   total 601088K, used 151111K [0x0000000080000000, 0x0000000100000000)
  region size 1024K, 8 young (8192K), 8 survivors (8192K)
 Metaspace       used 100381K, committed 101184K, reserved 1179648K
  class space    used 13787K, committed 14144K, reserved 1048576K
}
Event: 12.645 GC heap before
{Heap before GC invocations=51 (full 0):
 garbage-first heap   total 601088K, used 382535K [0x0000000080000000, 0x0000000100000000)
  region size 1024K, 207 young (211968K), 8 survivors (8192K)
 Metaspace       used 105347K, committed 106176K, reserved 1179648K
  class space    used 14254K, committed 14656K, reserved 1048576K
}
Event: 12.654 GC heap after
{Heap after GC invocations=52 (full 0):
 garbage-first heap   total 601088K, used 156237K [0x0000000080000000, 0x0000000100000000)
  region size 1024K, 13 young (13312K), 13 survivors (13312K)
 Metaspace       used 105347K, committed 106176K, reserved 1179648K
  class space    used 14254K, committed 14656K, reserved 1048576K
}
Event: 12.720 GC heap before
{Heap before GC invocations=52 (full 0):
 garbage-first heap   total 601088K, used 171597K [0x0000000080000000, 0x0000000100000000)
  region size 1024K, 29 young (29696K), 13 survivors (13312K)
 Metaspace       used 105951K, committed 106880K, reserved 1179648K
  class space    used 14333K, committed 14784K, reserved 1048576K
}
Event: 12.727 GC heap after
{Heap after GC invocations=53 (full 0):
 garbage-first heap   total 601088K, used 157353K [0x0000000080000000, 0x0000000100000000)
  region size 1024K, 4 young (4096K), 4 survivors (4096K)
 Metaspace       used 105951K, committed 106880K, reserved 1179648K
  class space    used 14333K, committed 14784K, reserved 1048576K
}

